# JRE version: OpenJDK Runtime Environment GraalVM CE 22.3.0 (17.0.5+8) (build 17.0.5+8-jvmci-22.3-b08)
# Java VM: OpenJDK 64-Bit Server VM GraalVM CE 22.3.0 (17.0.5+8-jvmci-22.3-b08, mixed mode, sharing, tiered, jvmci, jvmci compiler, compressed oops, compressed class ptrs, parallel gc, linux-amd64)
GC Precious Log:
 CPUs: 8 total, 1 available
 Memory: 1024M
 Large Page Support: Disabled
 NUMA Support: Disabled
 Compressed Oops: Enabled (32-bit)
 Alignments: Space 512K, Generation 512K, Heap 2M
 Heap Min Capacity: 100M
 Heap Initial Capacity: 100M
 Heap Max Capacity: 512M
 Pre-touch: Disabled
 Parallel Workers: 1
Heap:
 PSYoungGen      total 70144K, used 41984K [0x00000000f5580000, 0x00000000fbd80000, 0x0000000100000000)
  eden space 41984K, 100% used [0x00000000f5580000,0x00000000f7e80000,0x00000000f7e80000)
  from space 28160K, 0% used [0x00000000fa200000,0x00000000fa200000,0x00000000fbd80000)
  to   space 14848K, 0% used [0x00000000f7e80000,0x00000000f7e80000,0x00000000f8d00000)
 ParOldGen       total 349696K, used 349695K [0x00000000e0000000, 0x00000000f5580000, 0x00000000f5580000)
  object space 349696K, 99% used [0x00000000e0000000,0x00000000f557fce0,0x00000000f5580000)
 Metaspace       used 50628K, committed 51328K, reserved 1097728K
  class space    used 4913K, committed 5248K, reserved 1048576K
GC Heap History (20 events):
Event: 1489.466 GC heap before
{Heap before GC invocations=1057 (full 982):
 PSYoungGen      total 70144K, used 41984K [0x00000000f5580000, 0x00000000fbd80000, 0x0000000100000000)
  eden space 41984K, 100% used [0x00000000f5580000,0x00000000f7e80000,0x00000000f7e80000)
  from space 28160K, 0% used [0x00000000fa200000,0x00000000fa200000,0x00000000fbd80000)
  to   space 14848K, 0% used [0x00000000f7e80000,0x00000000f7e80000,0x00000000f8d00000)
 ParOldGen       total 349696K, used 349694K [0x00000000e0000000, 0x00000000f5580000, 0x00000000f5580000)
  object space 349696K, 99% used [0x00000000e0000000,0x00000000f557fbd8,0x00000000f5580000)
 Metaspace       used 50628K, committed 51328K, reserved 1097728K
  class space    used 4913K, committed 5248K, reserved 1048576K
}
Event: 1490.870 GC heap after
{Heap after GC invocations=1057 (full 982):
 PSYoungGen      total 56832K, used 41983K [0x00000000f5580000, 0x00000000fbd80000, 0x0000000100000000)
  eden space 41984K, 99% used [0x00000000f5580000,0x00000000f7e7ffe0,0x00000000f7e80000)
  from space 14848K, 0% used [0x00000000f7e80000,0x00000000f7e80000,0x00000000f8d00000)
  to   space 28160K, 0% used [0x00000000fa200000,0x00000000fa200000,0x00000000fbd80000)
 ParOldGen       total 349696K, used 349694K [0x00000000e0000000, 0x00000000f5580000, 0x00000000f5580000)
  object space 349696K, 99% used [0x00000000e0000000,0x00000000f557fbd8,0x00000000f5580000)
 Metaspace       used 50628K, committed 51328K, reserved 1097728K
  class space    used 4913K, committed 5248K, reserved 1048576K
}
Event: 1490.870 GC heap before
{Heap before GC invocations=1058 (full 983):
 PSYoungGen      total 56832K, used 41984K [0x00000000f5580000, 0x00000000fbd80000, 0x0000000100000000)
  eden space 41984K, 100% used [0x00000000f5580000,0x00000000f7e80000,0x00000000f7e80000)
  from space 14848K, 0% used [0x00000000f7e80000,0x00000000f7e80000,0x00000000f8d00000)
  to   space 28160K, 0% used [0x00000000fa200000,0x00000000fa200000,0x00000000fbd80000)
 ParOldGen       total 349696K, used 349694K [0x00000000e0000000, 0x00000000f5580000, 0x00000000f5580000)
  object space 349696K, 99% used [0x00000000e0000000,0x00000000f557fbd8,0x00000000f5580000)
 Metaspace       used 50628K, committed 51328K, reserved 1097728K
  class space    used 4913K, committed 5248K, reserved 1048576K
}
Event: 1492.262 GC heap after
{Heap after GC invocations=1058 (full 983):
 PSYoungGen      total 70144K, used 41983K [0x00000000f5580000, 0x00000000fbd80000, 0x0000000100000000)
  eden space 41984K, 99% used [0x00000000f5580000,0x00000000f7e7ffe0,0x00000000f7e80000)
  from space 28160K, 0% used [0x00000000fa200000,0x00000000fa200000,0x00000000fbd80000)
  to   space 14848K, 0% used [0x00000000f7e80000,0x00000000f7e80000,0x00000000f8d00000)
 ParOldGen       total 349696K, used 349694K [0x00000000e0000000, 0x00000000f5580000, 0x00000000f5580000)
  object space 349696K, 99% used [0x00000000e0000000,0x00000000f557fbd8,0x00000000f5580000)
 Metaspace       used 50628K, committed 51328K, reserved 1097728K
  class space    used 4913K, committed 5248K, reserved 1048576K
}
Event: 1492.262 GC heap before
{Heap before GC invocations=1059 (full 984):
 PSYoungGen      total 70144K, used 41984K [0x00000000f5580000, 0x00000000fbd80000, 0x0000000100000000)
  eden space 41984K, 100% used [0x00000000f5580000,0x00000000f7e80000,0x00000000f7e80000)
  from space 28160K, 0% used [0x00000000fa200000,0x00000000fa200000,0x00000000fbd80000)
  to   space 14848K, 0% used [0x00000000f7e80000,0x00000000f7e80000,0x00000000f8d00000)
 ParOldGen       total 349696K, used 349694K [0x00000000e0000000, 0x00000000f5580000, 0x00000000f5580000)
  object space 349696K, 99% used [0x00000000e0000000,0x00000000f557fbd8,0x00000000f5580000)
 Metaspace       used 50628K, committed 51328K, reserved 1097728K
  class space    used 4913K, committed 5248K, reserved 1048576K
}
Event: 1493.759 GC heap after
{Heap after GC invocations=1059 (full 984):
 PSYoungGen      total 56832K, used 41984K [0x00000000f5580000, 0x00000000fbd80000, 0x0000000100000000)
  eden space 41984K, 100% used [0x00000000f5580000,0x00000000f7e80000,0x00000000f7e80000)
  from space 14848K, 0% used [0x00000000f7e80000,0x00000000f7e80000,0x00000000f8d00000)
  to   space 28160K, 0% used [0x00000000fa200000,0x00000000fa200000,0x00000000fbd80000)
 ParOldGen       total 349696K, used 349694K [0x00000000e0000000, 0x00000000f5580000, 0x00000000f5580000)
  object space 349696K, 99% used [0x00000000e0000000,0x00000000f557fbd8,0x00000000f5580000)
 Metaspace       used 50628K, committed 51328K, reserved 1097728K
  class space    used 4913K, committed 5248K, reserved 1048576K
}
Event: 1493.759 GC heap before
{Heap before GC invocations=1060 (full 985):
 PSYoungGen      total 56832K, used 41984K [0x00000000f5580000, 0x00000000fbd80000, 0x0000000100000000)
  eden space 41984K, 100% used [0x00000000f5580000,0x00000000f7e80000,0x00000000f7e80000)
  from space 14848K, 0% used [0x00000000f7e80000,0x00000000f7e80000,0x00000000f8d00000)
  to   space 28160K, 0% used [0x00000000fa200000,0x00000000fa200000,0x00000000fbd80000)
 ParOldGen       total 349696K, used 349696K [0x00000000e0000000, 0x00000000f5580000, 0x00000000f5580000)
  object space 349696K, 100% used [0x00000000e0000000,0x00000000f5580000,0x00000000f5580000)
 Metaspace       used 50628K, committed 51328K, reserved 1097728K
  class space    used 4913K, committed 5248K, reserved 1048576K
}
Event: 1495.145 GC heap after
{Heap after GC invocations=1060 (full 985):
 PSYoungGen      total 70144K, used 41983K [0x00000000f5580000, 0x00000000fbd80000, 0x0000000100000000)
  eden space 41984K, 99% used [0x00000000f5580000,0x00000000f7e7ff50,0x00000000f7e80000)
  from space 28160K, 0% used [0x00000000fa200000,0x00000000fa200000,0x00000000fbd80000)
  to   space 14848K, 0% used [0x00000000f7e80000,0x00000000f7e80000,0x00000000f8d00000)
 ParOldGen       total 349696K, used 349695K [0x00000000e0000000, 0x00000000f5580000, 0x00000000f5580000)
  object space 349696K, 99% used [0x00000000e0000000,0x00000000f557fc58,0x00000000f5580000)
 Metaspace       used 50628K, committed 51328K, reserved 1097728K
  class space    used 4913K, committed 5248K, reserved 1048576K
}
Event: 1495.145 GC heap before
{Heap before GC invocations=1061 (full 986):
 PSYoungGen      total 70144K, used 41983K [0x00000000f5580000, 0x00000000fbd80000, 0x0000000100000000)
  eden space 41984K, 99% used [0x00000000f5580000,0x00000000f7e7ffe0,0x00000000f7e80000)
  from space 28160K, 0% used [0x00000000fa200000,0x00000000fa200000,0x00000000fbd80000)
  to   space 14848K, 0% used [0x00000000f7e80000,0x00000000f7e80000,0x00000000f8d00000)
 ParOldGen       total 349696K, used 349695K [0x00000000e0000000, 0x00000000f5580000, 0x00000000f5580000)
  object space 349696K, 99% used [0x00000000e0000000,0x00000000f557fc58,0x00000000f5580000)
 Metaspace       used 50628K, committed 51328K, reserved 1097728K
  class space    used 4913K, committed 5248K, reserved 1048576K
}
Event: 1496.624 GC heap after
{Heap after GC invocations=1061 (full 986):
 PSYoungGen      total 56832K, used 41983K [0x00000000f5580000, 0x00000000fbd80000, 0x0000000100000000)
  eden space 41984K, 99% used [0x00000000f5580000,0x00000000f7e7ffc0,0x00000000f7e80000)
  from space 14848K, 0% used [0x00000000f7e80000,0x00000000f7e80000,0x00000000f8d00000)
  to   space 28160K, 0% used [0x00000000fa200000,0x00000000fa200000,0x00000000fbd80000)
 ParOldGen       total 349696K, used 349694K [0x00000000e0000000, 0x00000000f5580000, 0x00000000f5580000)
  object space 349696K, 99% used [0x00000000e0000000,0x00000000f557fbd8,0x00000000f5580000)
 Metaspace       used 50628K, committed 51328K, reserved 1097728K
  class space    used 4913K, committed 5248K, reserved 1048576K
}
Event: 1496.626 GC heap before
{Heap before GC invocations=1062 (full 987):
 PSYoungGen      total 56832K, used 41983K [0x00000000f5580000, 0x00000000fbd80000, 0x0000000100000000)
  eden space 41984K, 99% used [0x00000000f5580000,0x00000000f7e7fff8,0x00000000f7e80000)
  from space 14848K, 0% used [0x00000000f7e80000,0x00000000f7e80000,0x00000000f8d00000)
  to   space 28160K, 0% used [0x00000000fa200000,0x00000000fa200000,0x00000000fbd80000)
 ParOldGen       total 349696K, used 349694K [0x00000000e0000000, 0x00000000f5580000, 0x00000000f5580000)
  object space 349696K, 99% used [0x00000000e0000000,0x00000000f557fbd8,0x00000000f5580000)
 Metaspace       used 50628K, committed 51328K, reserved 1097728K
  class space    used 4913K, committed 5248K, reserved 1048576K
}
Event: 1498.052 GC heap after
{Heap after GC invocations=1062 (full 987):
 PSYoungGen      total 70144K, used 41983K [0x00000000f5580000, 0x00000000fbd80000, 0x0000000100000000)
  eden space 41984K, 99% used [0x00000000f5580000,0x00000000f7e7ffd8,0x00000000f7e80000)
  from space 28160K, 0% used [0x00000000fa200000,0x00000000fa200000,0x00000000fbd80000)
  to   space 14848K, 0% used [0x00000000f7e80000,0x00000000f7e80000,0x00000000f8d00000)
 ParOldGen       total 349696K, used 349694K [0x00000000e0000000, 0x00000000f5580000, 0x00000000f5580000)
  object space 349696K, 99% used [0x00000000e0000000,0x00000000f557fbd8,0x00000000f5580000)
 Metaspace       used 50628K, committed 51328K, reserved 1097728K
  class space    used 4913K, committed 5248K, reserved 1048576K
}
Event: 1498.059 GC heap before
{Heap before GC invocations=1063 (full 988):
 PSYoungGen      total 70144K, used 41983K [0x00000000f5580000, 0x00000000fbd80000, 0x0000000100000000)
  eden space 41984K, 99% used [0x00000000f5580000,0x00000000f7e7ffe8,0x00000000f7e80000)
  from space 28160K, 0% used [0x00000000fa200000,0x00000000fa200000,0x00000000fbd80000)
  to   space 14848K, 0% used [0x00000000f7e80000,0x00000000f7e80000,0x00000000f8d00000)
 ParOldGen       total 349696K, used 349694K [0x00000000e0000000, 0x00000000f5580000, 0x00000000f5580000)
  object space 349696K, 99% used [0x00000000e0000000,0x00000000f557fbd8,0x00000000f5580000)
 Metaspace       used 50628K, committed 51328K, reserved 1097728K
  class space    used 4913K, committed 5248K, reserved 1048576K
}
Event: 1499.387 GC heap after
{Heap after GC invocations=1063 (full 988):
 PSYoungGen      total 56832K, used 41983K [0x00000000f5580000, 0x00000000fbd80000, 0x0000000100000000)
  eden space 41984K, 99% used [0x00000000f5580000,0x00000000f7e7ff78,0x00000000f7e80000)
  from space 14848K, 0% used [0x00000000f7e80000,0x00000000f7e80000,0x00000000f8d00000)
  to   space 28160K, 0% used [0x00000000fa200000,0x00000000fa200000,0x00000000fbd80000)
 ParOldGen       total 349696K, used 349694K [0x00000000e0000000, 0x00000000f5580000, 0x00000000f5580000)
  object space 349696K, 99% used [0x00000000e0000000,0x00000000f557fbd8,0x00000000f5580000)
 Metaspace       used 50628K, committed 51328K, reserved 1097728K
  class space    used 4913K, committed 5248K, reserved 1048576K
}
Event: 1499.387 GC heap before
{Heap before GC invocations=1064 (full 989):
 PSYoungGen      total 56832K, used 41983K [0x00000000f5580000, 0x00000000fbd80000, 0x0000000100000000)
  eden space 41984K, 99% used [0x00000000f5580000,0x00000000f7e7ffe8,0x00000000f7e80000)
  from space 14848K, 0% used [0x00000000f7e80000,0x00000000f7e80000,0x00000000f8d00000)
  to   space 28160K, 0% used [0x00000000fa200000,0x00000000fa200000,0x00000000fbd80000)
 ParOldGen       total 349696K, used 349694K [0x00000000e0000000, 0x00000000f5580000, 0x00000000f5580000)
  object space 349696K, 99% used [0x00000000e0000000,0x00000000f557fbd8,0x00000000f5580000)
 Metaspace       used 50628K, committed 51328K, reserved 1097728K
  class space    used 4913K, committed 5248K, reserved 1048576K
}
Event: 1500.752 GC heap after
{Heap after GC invocations=1064 (full 989):
 PSYoungGen      total 70144K, used 41983K [0x00000000f5580000, 0x00000000fbd80000, 0x0000000100000000)
  eden space 41984K, 99% used [0x00000000f5580000,0x00000000f7e7ffe8,0x00000000f7e80000)
  from space 28160K, 0% used [0x00000000fa200000,0x00000000fa200000,0x00000000fbd80000)
  to   space 14848K, 0% used [0x00000000f7e80000,0x00000000f7e80000,0x00000000f8d00000)
 ParOldGen       total 349696K, used 349694K [0x00000000e0000000, 0x00000000f5580000, 0x00000000f5580000)
  object space 349696K, 99% used [0x00000000e0000000,0x00000000f557fbd8,0x00000000f5580000)
 Metaspace       used 50628K, committed 51328K, reserved 1097728K
  class space    used 4913K, committed 5248K, reserved 1048576K
}
Event: 1500.752 GC heap before
{Heap before GC invocations=1065 (full 990):
 PSYoungGen      total 70144K, used 41983K [0x00000000f5580000, 0x00000000fbd80000, 0x0000000100000000)
  eden space 41984K, 99% used [0x00000000f5580000,0x00000000f7e7fff8,0x00000000f7e80000)
  from space 28160K, 0% used [0x00000000fa200000,0x00000000fa200000,0x00000000fbd80000)
  to   space 14848K, 0% used [0x00000000f7e80000,0x00000000f7e80000,0x00000000f8d00000)
 ParOldGen       total 349696K, used 349695K [0x00000000e0000000, 0x00000000f5580000, 0x00000000f5580000)
  object space 349696K, 99% used [0x00000000e0000000,0x00000000f557ff28,0x00000000f5580000)
 Metaspace       used 50628K, committed 51328K, reserved 1097728K
  class space    used 4913K, committed 5248K, reserved 1048576K
}
Event: 1502.186 GC heap after
{Heap after GC invocations=1065 (full 990):
 PSYoungGen      total 56832K, used 41983K [0x00000000f5580000, 0x00000000fbd80000, 0x0000000100000000)
  eden space 41984K, 99% used [0x00000000f5580000,0x00000000f7e7ffe8,0x00000000f7e80000)
  from space 14848K, 0% used [0x00000000f7e80000,0x00000000f7e80000,0x00000000f8d00000)
  to   space 28160K, 0% used [0x00000000fa200000,0x00000000fa200000,0x00000000fbd80000)
 ParOldGen       total 349696K, used 349695K [0x00000000e0000000, 0x00000000f5580000, 0x00000000f5580000)
  object space 349696K, 99% used [0x00000000e0000000,0x00000000f557fc28,0x00000000f5580000)
 Metaspace       used 50628K, committed 51328K, reserved 1097728K
  class space    used 4913K, committed 5248K, reserved 1048576K
}
Event: 1502.186 GC heap before
{Heap before GC invocations=1066 (full 991):
 PSYoungGen      total 56832K, used 41983K [0x00000000f5580000, 0x00000000fbd80000, 0x0000000100000000)
  eden space 41984K, 99% used [0x00000000f5580000,0x00000000f7e7ffe8,0x00000000f7e80000)
  from space 14848K, 0% used [0x00000000f7e80000,0x00000000f7e80000,0x00000000f8d00000)
  to   space 28160K, 0% used [0x00000000fa200000,0x00000000fa200000,0x00000000fbd80000)
 ParOldGen       total 349696K, used 349695K [0x00000000e0000000, 0x00000000f5580000, 0x00000000f5580000)
  object space 349696K, 99% used [0x00000000e0000000,0x00000000f557fc28,0x00000000f5580000)
 Metaspace       used 50628K, committed 51328K, reserved 1097728K
  class space    used 4913K, committed 5248K, reserved 1048576K
}
Event: 1503.638 GC heap after
{Heap after GC invocations=1066 (full 991):
 PSYoungGen      total 70144K, used 41983K [0x00000000f5580000, 0x00000000fbd80000, 0x0000000100000000)
  eden space 41984K, 99% used [0x00000000f5580000,0x00000000f7e7ffb8,0x00000000f7e80000)
  from space 28160K, 0% used [0x00000000fa200000,0x00000000fa200000,0x00000000fbd80000)
  to   space 14848K, 0% used [0x00000000f7e80000,0x00000000f7e80000,0x00000000f8d00000)
 ParOldGen       total 349696K, used 349694K [0x00000000e0000000, 0x00000000f5580000, 0x00000000f5580000)
  object space 349696K, 99% used [0x00000000e0000000,0x00000000f557fa68,0x00000000f5580000)
 Metaspace       used 50628K, committed 51328K, reserved 1097728K
  class space    used 4913K, committed 5248K, reserved 1048576K
}

